# JRE version: OpenJDK Runtime Environment Temurin-21.0.11+10 (21.0.11+10) (build 21.0.11+10-LTS)
# Java VM: OpenJDK 64-Bit Server VM Temurin-21.0.11+10 (21.0.11+10-LTS, mixed mode, sharing, tiered, compressed oops, compressed class ptrs, parallel gc, windows-amd64)
GC Precious Log:
 CardTable entry size: 512
 CPUs: 8 total, 8 available
 Memory: 7914M
 Large Page Support: Disabled
 NUMA Support: Disabled
 Compressed Oops: Enabled (32-bit)
 Alignments: Space 512K, Generation 512K, Heap 2M
 Heap Min Capacity: 100M
 Heap Initial Capacity: 100M
 Heap Max Capacity: 2G
 Pre-touch: Disabled
 Parallel Workers: 8
Heap:
 PSYoungGen      total 7680K, used 3634K [0x00000000d5580000, 0x00000000d6780000, 0x0000000100000000)
  eden space 7168K, 43% used [0x00000000d5580000,0x00000000d588e3b0,0x00000000d5c80000)
  from space 512K, 98% used [0x00000000d6700000,0x00000000d677e520,0x00000000d6780000)
  to   space 1024K, 0% used [0x00000000d6580000,0x00000000d6580000,0x00000000d6680000)
 ParOldGen       total 1022976K, used 1022717K [0x0000000080000000, 0x00000000be700000, 0x00000000d5580000)
  object space 1022976K, 99% used [0x0000000080000000,0x00000000be6bf608,0x00000000be700000)
 Metaspace       used 104257K, committed 106304K, reserved 1179648K
  class space    used 10248K, committed 11264K, reserved 1048576K
GC Heap History (20 events):
Event: 3429.645 GC heap before
{Heap before GC invocations=10537 (full 16):
 PSYoungGen      total 13824K, used 12972K [0x00000000d5580000, 0x00000000d6980000, 0x0000000100000000)
  eden space 7168K, 100% used [0x00000000d5580000,0x00000000d5c80000,0x00000000d5c80000)
  from space 6656K, 87% used [0x00000000d6280000,0x00000000d682b0c0,0x00000000d6900000)
  to   space 6144K, 0% used [0x00000000d5c80000,0x00000000d5c80000,0x00000000d6280000)
 ParOldGen       total 1007104K, used 1006634K [0x0000000080000000, 0x00000000bd780000, 0x00000000d5580000)
  object space 1007104K, 99% used [0x0000000080000000,0x00000000bd70abd8,0x00000000bd780000)
 Metaspace       used 104252K, committed 106240K, reserved 1179648K
  class space    used 10247K, committed 11264K, reserved 1048576K
}
Event: 3429.656 GC heap after
{Heap after GC invocations=10537 (full 16):
 PSYoungGen      total 13312K, used 4104K [0x00000000d5580000, 0x00000000d6800000, 0x0000000100000000)
  eden space 7168K, 0% used [0x00000000d5580000,0x00000000d5580000,0x00000000d5c80000)
  from space 6144K, 66% used [0x00000000d5c80000,0x00000000d6082000,0x00000000d6280000)
  to   space 5120K, 0% used [0x00000000d6300000,0x00000000d6300000,0x00000000d6800000)
 ParOldGen       total 1008640K, used 1008546K [0x0000000080000000, 0x00000000bd900000, 0x00000000d5580000)
  object space 1008640K, 99% used [0x0000000080000000,0x00000000bd8e8bd8,0x00000000bd900000)
 Metaspace       used 104252K, committed 106240K, reserved 1179648K
  class space    used 10247K, committed 11264K, reserved 1048576K
}
Event: 3429.783 GC heap before
{Heap before GC invocations=10538 (full 16):
 PSYoungGen      total 13312K, used 11272K [0x00000000d5580000, 0x00000000d6800000, 0x0000000100000000)
  eden space 7168K, 100% used [0x00000000d5580000,0x00000000d5c80000,0x00000000d5c80000)
  from space 6144K, 66% used [0x00000000d5c80000,0x00000000d6082000,0x00000000d6280000)
  to   space 5120K, 0% used [0x00000000d6300000,0x00000000d6300000,0x00000000d6800000)
 ParOldGen       total 1008640K, used 1008546K [0x0000000080000000, 0x00000000bd900000, 0x00000000d5580000)
  object space 1008640K, 99% used [0x0000000080000000,0x00000000bd8e8bd8,0x00000000bd900000)
 Metaspace       used 104255K, committed 106304K, reserved 1179648K
  class space    used 10247K, committed 11264K, reserved 1048576K
}
Event: 3429.798 GC heap after
{Heap after GC invocations=10538 (full 16):
 PSYoungGen      total 11264K, used 4013K [0x00000000d5580000, 0x00000000d6700000, 0x0000000100000000)
  eden space 7168K, 0% used [0x00000000d5580000,0x00000000d5580000,0x00000000d5c80000)
  from space 4096K, 97% used [0x00000000d6300000,0x00000000d66eb5a0,0x00000000d6700000)
  to   space 4608K, 0% used [0x00000000d5e00000,0x00000000d5e00000,0x00000000d6280000)
 ParOldGen       total 1012224K, used 1011754K [0x0000000080000000, 0x00000000bdc80000, 0x00000000d5580000)
  object space 1012224K, 99% used [0x0000000080000000,0x00000000bdc0abd8,0x00000000bdc80000)
 Metaspace       used 104255K, committed 106304K, reserved 1179648K
  class space    used 10247K, committed 11264K, reserved 1048576K
}
Event: 3430.000 GC heap before
{Heap before GC invocations=10539 (full 16):
 PSYoungGen      total 11264K, used 11181K [0x00000000d5580000, 0x00000000d6700000, 0x0000000100000000)
  eden space 7168K, 100% used [0x00000000d5580000,0x00000000d5c80000,0x00000000d5c80000)
  from space 4096K, 97% used [0x00000000d6300000,0x00000000d66eb5a0,0x00000000d6700000)
  to   space 4608K, 0% used [0x00000000d5e00000,0x00000000d5e00000,0x00000000d6280000)
 ParOldGen       total 1012224K, used 1011754K [0x0000000080000000, 0x00000000bdc80000, 0x00000000d5580000)
  object space 1012224K, 99% used [0x0000000080000000,0x00000000bdc0abd8,0x00000000bdc80000)
 Metaspace       used 104255K, committed 106304K, reserved 1179648K
  class space    used 10247K, committed 11264K, reserved 1048576K
}
Event: 3430.008 GC heap after
{Heap after GC invocations=10539 (full 16):
 PSYoungGen      total 11776K, used 4596K [0x00000000d5580000, 0x00000000d7280000, 0x0000000100000000)
  eden space 7168K, 0% used [0x00000000d5580000,0x00000000d5580000,0x00000000d5c80000)
  from space 4608K, 99% used [0x00000000d5e00000,0x00000000d627d200,0x00000000d6280000)
  to   space 11264K, 0% used [0x00000000d6780000,0x00000000d6780000,0x00000000d7280000)
 ParOldGen       total 1017344K, used 1016995K [0x0000000080000000, 0x00000000be180000, 0x00000000d5580000)
  object space 1017344K, 99% used [0x0000000080000000,0x00000000be128f88,0x00000000be180000)
 Metaspace       used 104255K, committed 106304K, reserved 1179648K
  class space    used 10247K, committed 11264K, reserved 1048576K
}
Event: 3430.070 GC heap before
{Heap before GC invocations=10540 (full 16):
 PSYoungGen      total 11776K, used 11764K [0x00000000d5580000, 0x00000000d7280000, 0x0000000100000000)
  eden space 7168K, 100% used [0x00000000d5580000,0x00000000d5c80000,0x00000000d5c80000)
  from space 4608K, 99% used [0x00000000d5e00000,0x00000000d627d200,0x00000000d6280000)
  to   space 11264K, 0% used [0x00000000d6780000,0x00000000d6780000,0x00000000d7280000)
 ParOldGen       total 1017344K, used 1016995K [0x0000000080000000, 0x00000000be180000, 0x00000000d5580000)
  object space 1017344K, 99% used [0x0000000080000000,0x00000000be128f88,0x00000000be180000)
 Metaspace       used 104255K, committed 106304K, reserved 1179648K
  class space    used 10247K, committed 11264K, reserved 1048576K
}
Event: 3430.074 GC heap after
{Heap after GC invocations=10540 (full 16):
 PSYoungGen      total 7680K, used 180K [0x00000000d5580000, 0x00000000d6800000, 0x0000000100000000)
  eden space 7168K, 0% used [0x00000000d5580000,0x00000000d5580000,0x00000000d5c80000)
  from space 512K, 35% used [0x00000000d6780000,0x00000000d67ad200,0x00000000d6800000)
  to   space 4096K, 0% used [0x00000000d6000000,0x00000000d6000000,0x00000000d6400000)
 ParOldGen       total 1021952K, used 1021499K [0x0000000080000000, 0x00000000be600000, 0x00000000d5580000)
  object space 1021952K, 99% used [0x0000000080000000,0x00000000be58ef88,0x00000000be600000)
 Metaspace       used 104255K, committed 106304K, reserved 1179648K
  class space    used 10247K, committed 11264K, reserved 1048576K
}
Event: 3430.437 GC heap before
{Heap before GC invocations=10541 (full 16):
 PSYoungGen      total 7680K, used 7348K [0x00000000d5580000, 0x00000000d6800000, 0x0000000100000000)
  eden space 7168K, 100% used [0x00000000d5580000,0x00000000d5c80000,0x00000000d5c80000)
  from space 512K, 35% used [0x00000000d6780000,0x00000000d67ad200,0x00000000d6800000)
  to   space 4096K, 0% used [0x00000000d6000000,0x00000000d6000000,0x00000000d6400000)
 ParOldGen       total 1021952K, used 1021499K [0x0000000080000000, 0x00000000be600000, 0x00000000d5580000)
  object space 1021952K, 99% used [0x0000000080000000,0x00000000be58ef88,0x00000000be600000)
 Metaspace       used 104255K, committed 106304K, reserved 1179648K
  class space    used 10247K, committed 11264K, reserved 1048576K
}
Event: 3430.440 GC heap after
{Heap after GC invocations=10541 (full 16):
 PSYoungGen      total 11264K, used 346K [0x00000000d5580000, 0x00000000d6800000, 0x0000000100000000)
  eden space 7168K, 0% used [0x00000000d5580000,0x00000000d5580000,0x00000000d5c80000)
  from space 4096K, 8% used [0x00000000d6000000,0x00000000d6056900,0x00000000d6400000)
  to   space 1024K, 0% used [0x00000000d6700000,0x00000000d6700000,0x00000000d6800000)
 ParOldGen       total 1021952K, used 1021531K [0x0000000080000000, 0x00000000be600000, 0x00000000d5580000)
  object space 1021952K, 99% used [0x0000000080000000,0x00000000be596f88,0x00000000be600000)
 Metaspace       used 104255K, committed 106304K, reserved 1179648K
  class space    used 10247K, committed 11264K, reserved 1048576K
}
Event: 3430.470 GC heap before
{Heap before GC invocations=10542 (full 16):
 PSYoungGen      total 11264K, used 6451K [0x00000000d5580000, 0x00000000d6800000, 0x0000000100000000)
  eden space 7168K, 85% used [0x00000000d5580000,0x00000000d5b76658,0x00000000d5c80000)
  from space 4096K, 8% used [0x00000000d6000000,0x00000000d6056900,0x00000000d6400000)
  to   space 1024K, 0% used [0x00000000d6700000,0x00000000d6700000,0x00000000d6800000)
 ParOldGen       total 1021952K, used 1021531K [0x0000000080000000, 0x00000000be600000, 0x00000000d5580000)
  object space 1021952K, 99% used [0x0000000080000000,0x00000000be596f88,0x00000000be600000)
 Metaspace       used 104255K, committed 106304K, reserved 1179648K
  class space    used 10247K, committed 11264K, reserved 1048576K
}
Event: 3430.473 GC heap after
{Heap after GC invocations=10542 (full 16):
 PSYoungGen      total 7680K, used 202K [0x00000000d5580000, 0x00000000d6780000, 0x0000000100000000)
  eden space 7168K, 0% used [0x00000000d5580000,0x00000000d5580000,0x00000000d5c80000)
  from space 512K, 39% used [0x00000000d6700000,0x00000000d6732858,0x00000000d6780000)
  to   space 512K, 0% used [0x00000000d6680000,0x00000000d6680000,0x00000000d6700000)
 ParOldGen       total 1021952K, used 1021695K [0x0000000080000000, 0x00000000be600000, 0x00000000d5580000)
  object space 1021952K, 99% used [0x0000000080000000,0x00000000be5bfd68,0x00000000be600000)
 Metaspace       used 104255K, committed 106304K, reserved 1179648K
  class space    used 10247K, committed 11264K, reserved 1048576K
}
Event: 3430.498 GC heap before
{Heap before GC invocations=10543 (full 16):
 PSYoungGen      total 7680K, used 7370K [0x00000000d5580000, 0x00000000d6780000, 0x0000000100000000)
  eden space 7168K, 100% used [0x00000000d5580000,0x00000000d5c80000,0x00000000d5c80000)
  from space 512K, 39% used [0x00000000d6700000,0x00000000d6732858,0x00000000d6780000)
  to   space 512K, 0% used [0x00000000d6680000,0x00000000d6680000,0x00000000d6700000)
 ParOldGen       total 1021952K, used 1021695K [0x0000000080000000, 0x00000000be600000, 0x00000000d5580000)
  object space 1021952K, 99% used [0x0000000080000000,0x00000000be5bfd68,0x00000000be600000)
 Metaspace       used 104255K, committed 106304K, reserved 1179648K
  class space    used 10247K, committed 11264K, reserved 1048576K
}
Event: 3430.501 GC heap after
{Heap after GC invocations=10543 (full 16):
 PSYoungGen      total 7680K, used 502K [0x00000000d5580000, 0x00000000d6780000, 0x0000000100000000)
  eden space 7168K, 0% used [0x00000000d5580000,0x00000000d5580000,0x00000000d5c80000)
  from space 512K, 98% used [0x00000000d6680000,0x00000000d66fd8d0,0x00000000d6700000)
  to   space 512K, 0% used [0x00000000d6700000,0x00000000d6700000,0x00000000d6780000)
 ParOldGen       total 1021952K, used 1021801K [0x0000000080000000, 0x00000000be600000, 0x00000000d5580000)
  object space 1021952K, 99% used [0x0000000080000000,0x00000000be5da5c0,0x00000000be600000)
 Metaspace       used 104255K, committed 106304K, reserved 1179648K
  class space    used 10247K, committed 11264K, reserved 1048576K
}
Event: 3430.582 GC heap before
{Heap before GC invocations=10544 (full 16):
 PSYoungGen      total 7680K, used 7670K [0x00000000d5580000, 0x00000000d6780000, 0x0000000100000000)
  eden space 7168K, 100% used [0x00000000d5580000,0x00000000d5c80000,0x00000000d5c80000)
  from space 512K, 98% used [0x00000000d6680000,0x00000000d66fd8d0,0x00000000d6700000)
  to   space 512K, 0% used [0x00000000d6700000,0x00000000d6700000,0x00000000d6780000)
 ParOldGen       total 1021952K, used 1021801K [0x0000000080000000, 0x00000000be600000, 0x00000000d5580000)
  object space 1021952K, 99% used [0x0000000080000000,0x00000000be5da5c0,0x00000000be600000)
 Metaspace       used 104257K, committed 106304K, reserved 1179648K
  class space    used 10248K, committed 11264K, reserved 1048576K
}
Event: 3430.589 GC heap after
{Heap after GC invocations=10544 (full 16):
 PSYoungGen      total 7680K, used 431K [0x00000000d5580000, 0x00000000d6780000, 0x0000000100000000)
  eden space 7168K, 0% used [0x00000000d5580000,0x00000000d5580000,0x00000000d5c80000)
  from space 512K, 84% used [0x00000000d6700000,0x00000000d676bff8,0x00000000d6780000)
  to   space 512K, 0% used [0x00000000d6680000,0x00000000d6680000,0x00000000d6700000)
 ParOldGen       total 1022464K, used 1022248K [0x0000000080000000, 0x00000000be680000, 0x00000000d5580000)
  object space 1022464K, 99% used [0x0000000080000000,0x00000000be64a3f8,0x00000000be680000)
 Metaspace       used 104257K, committed 106304K, reserved 1179648K
  class space    used 10248K, committed 11264K, reserved 1048576K
}
Event: 3430.651 GC heap before
{Heap before GC invocations=10545 (full 16):
 PSYoungGen      total 7680K, used 7599K [0x00000000d5580000, 0x00000000d6780000, 0x0000000100000000)
  eden space 7168K, 100% used [0x00000000d5580000,0x00000000d5c80000,0x00000000d5c80000)
  from space 512K, 84% used [0x00000000d6700000,0x00000000d676bff8,0x00000000d6780000)
  to   space 512K, 0% used [0x00000000d6680000,0x00000000d6680000,0x00000000d6700000)
 ParOldGen       total 1022464K, used 1022248K [0x0000000080000000, 0x00000000be680000, 0x00000000d5580000)
  object space 1022464K, 99% used [0x0000000080000000,0x00000000be64a3f8,0x00000000be680000)
 Metaspace       used 104257K, committed 106304K, reserved 1179648K
  class space    used 10248K, committed 11264K, reserved 1048576K
}
Event: 3430.655 GC heap after
{Heap after GC invocations=10545 (full 16):
 PSYoungGen      total 7680K, used 474K [0x00000000d5580000, 0x00000000d6780000, 0x0000000100000000)
  eden space 7168K, 0% used [0x00000000d5580000,0x00000000d5580000,0x00000000d5c80000)
  from space 512K, 92% used [0x00000000d6680000,0x00000000d66f6900,0x00000000d6700000)
  to   space 512K, 0% used [0x00000000d6700000,0x00000000d6700000,0x00000000d6780000)
 ParOldGen       total 1022976K, used 1022465K [0x0000000080000000, 0x00000000be700000, 0x00000000d5580000)
  object space 1022976K, 99% used [0x0000000080000000,0x00000000be680408,0x00000000be700000)
 Metaspace       used 104257K, committed 106304K, reserved 1179648K
  class space    used 10248K, committed 11264K, reserved 1048576K
}
Event: 3431.211 GC heap before
{Heap before GC invocations=10546 (full 16):
 PSYoungGen      total 7680K, used 7642K [0x00000000d5580000, 0x00000000d6780000, 0x0000000100000000)
  eden space 7168K, 100% used [0x00000000d5580000,0x00000000d5c80000,0x00000000d5c80000)
  from space 512K, 92% used [0x00000000d6680000,0x00000000d66f6900,0x00000000d6700000)
  to   space 512K, 0% used [0x00000000d6700000,0x00000000d6700000,0x00000000d6780000)
 ParOldGen       total 1022976K, used 1022465K [0x0000000080000000, 0x00000000be700000, 0x00000000d5580000)
  object space 1022976K, 99% used [0x0000000080000000,0x00000000be680408,0x00000000be700000)
 Metaspace       used 104257K, committed 106304K, reserved 1179648K
  class space    used 10248K, committed 11264K, reserved 1048576K
}
Event: 3431.214 GC heap after
{Heap after GC invocations=10546 (full 16):
 PSYoungGen      total 7680K, used 505K [0x00000000d5580000, 0x00000000d6780000, 0x0000000100000000)
  eden space 7168K, 0% used [0x00000000d5580000,0x00000000d5580000,0x00000000d5c80000)
  from space 512K, 98% used [0x00000000d6700000,0x00000000d677e520,0x00000000d6780000)
  to   space 1024K, 0% used [0x00000000d6580000,0x00000000d6580000,0x00000000d6680000)
 ParOldGen       total 1022976K, used 1022717K [0x0000000080000000, 0x00000000be700000, 0x00000000d5580000)
  object space 1022976K, 99% used [0x0000000080000000,0x00000000be6bf608,0x00000000be700000)
 Metaspace       used 104257K, committed 106304K, reserved 1179648K
  class space    used 10248K, committed 11264K, reserved 1048576K
}

